<?xml version="1.0" encoding="UTF-8"?>
<!-- Generated by org.testng.reporters.JUnitReportReporter -->
<testsuite hostname="DESKTOP-0QBGFD1" name="com.qa.tests.LoginPageTest" tests="1" failures="0" timestamp="5 Nov 2019 07:32:42 GMT" time="16.510" errors="0">
  <testcase name="verifyLoginPageTitleTest" time="16.510" classname="com.qa.tests.LoginPageTest"/>
</testsuite> <!-- com.qa.tests.LoginPageTest -->
