<?xml version="1.0" encoding="UTF-8"?>
<!-- Generated by org.testng.reporters.JUnitReportReporter -->
<testsuite hostname="DESKTOP-0QBGFD1" name="com.qa.tests.AllProjPageTest" tests="3" failures="0" timestamp="19 Dec 2019 09:51:13 GMT" time="91.303" errors="0">
  <testcase name="AllProject_NameTest" time="30.408" classname="com.qa.tests.AllProjPageTest"/>
  <testcase name="AllProject_ThumbanilTest" time="31.535" classname="com.qa.tests.AllProjPageTest"/>
  <testcase name="ClickProject_ButtonTest" time="29.360" classname="com.qa.tests.AllProjPageTest"/>
</testsuite> <!-- com.qa.tests.AllProjPageTest -->
