<?xml version="1.0" encoding="UTF-8"?>
<!-- Generated by org.testng.reporters.JUnitReportReporter -->
<testsuite hostname="DESKTOP-0QBGFD1" name="com.qa.tests.UserPageTest" tests="2" failures="0" timestamp="11 Nov 2019 07:04:26 GMT" time="53.162" errors="0">
  <testcase name="getUsernameTest" time="25.948" classname="com.qa.tests.UserPageTest"/>
  <testcase name="getProfessionTest" time="27.214" classname="com.qa.tests.UserPageTest"/>
</testsuite> <!-- com.qa.tests.UserPageTest -->
