<?xml version="1.0" encoding="UTF-8"?>
<!-- Generated by org.testng.reporters.JUnitReportReporter -->
<testsuite hostname="DESKTOP-0QBGFD1" name="com.qa.tests.ChooseProjectTest" tests="1" failures="0" timestamp="19 Dec 2019 10:00:45 GMT" time="37.905" errors="0">
  <testcase name="Choose_Project_Test" time="37.905" classname="com.qa.tests.ChooseProjectTest"/>
</testsuite> <!-- com.qa.tests.ChooseProjectTest -->
