<?xml version="1.0" encoding="UTF-8"?>
<!-- Generated by org.testng.reporters.JUnitReportReporter -->
<testsuite hostname="DESKTOP-0QBGFD1" name="com.qa.tests.UploadProjectTest" tests="1" failures="0" timestamp="23 Dec 2019 09:22:00 GMT" time="60.780" errors="0">
  <testcase name="upload_Project_Test" time="60.780" classname="com.qa.tests.UploadProjectTest"/>
</testsuite> <!-- com.qa.tests.UploadProjectTest -->
