<?xml version="1.0" encoding="UTF-8"?>
<!-- Generated by org.testng.reporters.JUnitReportReporter -->
<testsuite hostname="DESKTOP-0QBGFD1" name="com.qa.tests.FilterTest" tests="1" failures="0" timestamp="8 Jan 2020 04:59:54 GMT" time="44.214" errors="0">
  <testcase name="TopologyFilterTest" time="44.214" classname="com.qa.tests.FilterTest"/>
</testsuite> <!-- com.qa.tests.FilterTest -->
