<?xml version="1.0" encoding="UTF-8"?>
<!-- Generated by org.testng.reporters.JUnitReportReporter -->
<testsuite hostname="DESKTOP-0QBGFD1" name="com.qa.tests.SearchPageTest" tests="1" failures="0" timestamp="26 Dec 2019 05:56:39 GMT" time="41.828" errors="0">
  <testcase name="SearchProjList" time="41.828" classname="com.qa.tests.SearchPageTest"/>
</testsuite> <!-- com.qa.tests.SearchPageTest -->
